        2292 aqu                1   688.5914       688.5914               1 ru                 2        2184   1.000000       688.5914       688.5914    
        2293 aqu                2   240.3707       240.3707               1 ru                 1        2183   1.000000       240.3707       240.3707    
        2294 aqu                3   2328.742       2328.742               5 ru                 3        2185   1.000000       232.0338       232.0338     ru                 4        2186   1.000000       571.0397       571.0397     ru                 5        2187   1.000000       110.8016       110.8016     ru               106        2288   1.000000       819.6580       819.6580     ru               109        2291   1.000000       595.2087       595.2087    
        2295 aqu                4   4466.829       4466.829               5 ru                27        2209   1.000000       28.61680       28.61680     ru                34        2216   1.000000       455.3879       455.3879     ru               105        2287   1.000000       2189.696       2189.696     ru               107        2289   1.000000       692.9647       692.9647     ru               108        2290   1.000000       1100.164       1100.164    
        2296 aqu                5   1205.065       1205.065               1 ru                13        2195   1.000000       1205.065       1205.065    
        2297 aqu                6   3844.657       3844.657               3 ru                40        2222   1.000000       742.5916       742.5916     ru               102        2284   1.000000       1949.809       1949.809     ru               104        2286   1.000000       1152.257       1152.257    
        2298 aqu                7   3018.294       3018.294               3 ru                 6        2188   1.000000       760.4128       760.4128     ru                 7        2189   1.000000       482.6636       482.6636     ru               103        2285   1.000000       1775.218       1775.218    
        2299 aqu                8   2786.037       2786.037               1 ru               101        2283   1.000000       2786.037       2786.037    
        2300 aqu                9   1496.500       1496.500               1 ru                37        2219   1.000000       1496.500       1496.500    
        2301 aqu               10   10441.97       10441.97               9 ru                22        2204   1.000000       2953.797       2953.797     ru                23        2205   1.000000       8.865920       8.865920     ru                24        2206   1.000000       345.0854       345.0854     ru                30        2212   1.000000       194.3648       194.3648     ru                80        2262   1.000000       2852.062       2852.062     ru                82        2264   1.000000       1245.267       1245.267     ru                85        2267   1.000000       579.0712       579.0712     ru                86        2268   1.000000       1147.026       1147.026     ru                87        2269   1.000000       1116.435       1116.435    
        2302 aqu               11   2465.865       2465.865               1 ru                98        2280   1.000000       2465.865       2465.865    
        2303 aqu               12   14.15567       14.15567               1 ru                26        2208   1.000000       14.15567       14.15567    
        2304 aqu               13   3.173850       3.173850               1 ru                14        2196   1.000000       3.173850       3.173850    
        2305 aqu               14   5938.222       5938.222               7 ru                28        2210   1.000000       221.8640       221.8640     ru                29        2211   1.000000       8.657310       8.657310     ru                35        2217   1.000000       228.3384       228.3384     ru                90        2272   1.000000       2871.098       2871.098     ru                94        2276   1.000000       1354.318       1354.318     ru                97        2279   1.000000       650.5201       650.5201     ru                99        2281   1.000000       603.4264       603.4264    
        2306 aqu               15   43.40575       43.40575               1 ru                 8        2190   1.000000       43.40575       43.40575    
        2307 aqu               16   3012.945       3012.945               5 ru                 9        2191   1.000000       446.4922       446.4922     ru                10        2192   1.000000       125.0840       125.0840     ru                11        2193   1.000000       1123.349       1123.349     ru                93        2275   1.000000       517.5462       517.5462     ru                95        2277   1.000000       800.4733       800.4733    
        2308 aqu               17   4887.021       4887.021               5 ru                16        2198   1.000000       1711.957       1711.957     ru                19        2201   1.000000       196.3615       196.3615     ru                25        2207   1.000000       1027.858       1027.858     ru                91        2273   1.000000       1272.431       1272.431     ru                96        2278   1.000000       678.4142       678.4142    
        2309 aqu               18   3093.349       3093.349               3 ru                39        2221   1.000000       153.2910       153.2910     ru                92        2274   1.000000       2300.587       2300.587     ru               100        2282   1.000000       639.4712       639.4712    
        2310 aqu               19   3174.804       3174.804               3 ru                47        2229   1.000000       1713.529       1713.529     ru                88        2270   1.000000       630.4339       630.4339     ru                89        2271   1.000000       830.8409       830.8409    
        2311 aqu               20   4154.033       4154.033               7 ru                12        2194   1.000000       405.7983       405.7983     ru                15        2197   1.000000       603.1358       603.1358     ru                17        2199   1.000000       1322.318       1322.318     ru                18        2200   1.000000       32.58784       32.58784     ru                70        2252   1.000000       528.5876       528.5876     ru                79        2261   1.000000       662.3959       662.3959     ru                84        2266   1.000000       599.2095       599.2095    
        2312 aqu               21   3035.117       3035.117               3 ru                44        2226   1.000000       407.3778       407.3778     ru                81        2263   1.000000       1074.274       1074.274     ru                83        2265   1.000000       1553.466       1553.466    
        2313 aqu               22   3964.914       3964.914               5 ru                45        2227   1.000000       1775.926       1775.926     ru                51        2233   1.000000       170.7546       170.7546     ru                74        2256   1.000000       690.2305       690.2305     ru                76        2258   1.000000       777.4965       777.4965     ru                78        2260   1.000000       550.5065       550.5065    
        2314 aqu               23   5935.219       5935.219               9 ru                41        2223   1.000000       885.0646       885.0646     ru                42        2224   1.000000       43.97198       43.97198     ru                46        2228   1.000000       383.6410       383.6410     ru                54        2236   1.000000       314.4794       314.4794     ru                69        2251   1.000000       580.0770       580.0770     ru                71        2253   1.000000       532.7971       532.7971     ru                73        2255   1.000000       672.6998       672.6998     ru                75        2257   1.000000       1080.852       1080.852     ru                77        2259   1.000000       1441.636       1441.636    
        2315 aqu               24   2497.746       2497.746               3 ru                49        2231   1.000000       181.2373       181.2373     ru                68        2250   1.000000       1416.156       1416.156     ru                72        2254   1.000000       900.3527       900.3527    
        2316 aqu               25   2267.828       2267.828               3 ru                20        2202   1.000000       524.9146       524.9146     ru                21        2203   1.000000       422.2785       422.2785     ru                67        2249   1.000000       1320.635       1320.635    
        2317 aqu               26   7639.442       7639.442              11 ru                31        2213   1.000000       566.9569       566.9569     ru                33        2215   1.000000       2.927990       2.927990     ru                36        2218   1.000000       3.158950       3.158950     ru                38        2220   1.000000       473.7456       473.7456     ru                52        2234   1.000000       374.3653       374.3653     ru                55        2237   1.000000       2477.972       2477.972     ru                56        2238   1.000000       951.9613       951.9613     ru                59        2241   1.000000       565.5264       565.5264     ru                64        2246   1.000000       762.4020       762.4020     ru                65        2247   1.000000       808.9369       808.9369     ru                66        2248   1.000000       651.4886       651.4886    
        2318 aqu               27   7998.952       7998.952              11 ru                32        2214   1.000000       1449.116       1449.116     ru                43        2225   1.000000       923.2328       923.2328     ru                48        2230   1.000000       687.1311       687.1311     ru                50        2232   1.000000       89.92575       89.92575     ru                53        2235   1.000000       192.4128       192.4128     ru                57        2239   1.000000       680.4929       680.4929     ru                58        2240   1.000000       796.1000       796.1000     ru                60        2242   1.000000       836.7714       836.7714     ru                61        2243   1.000000       848.3642       848.3642     ru                62        2244   1.000000       607.7700       607.7700     ru                63        2245   1.000000       887.6350       887.6350    
        2319 aqu               28   90643.25      0.0000000E+00          27 aqu                1        2292   1.000000       688.5914       688.5914     aqu                2        2293   1.000000       240.3707       240.3707     aqu                3        2294   1.000000       2328.742       2328.742     aqu                4        2295   1.000000       4466.829       4466.829     aqu                5        2296   1.000000       1205.065       1205.065     aqu                6        2297   1.000000       3844.657       3844.657     aqu                7        2298   1.000000       3018.294       3018.294     aqu                8        2299   1.000000       2786.037       2786.037     aqu                9        2300   1.000000       1496.500       1496.500     aqu               10        2301   1.000000       10441.97       10441.97     aqu               11        2302   1.000000       2465.865       2465.865     aqu               12        2303   1.000000       14.15567       14.15567     aqu               13        2304   1.000000       3.173850       3.173850     aqu               14        2305   1.000000       5938.222       5938.222     aqu               15        2306   1.000000       43.40575       43.40575     aqu               16        2307   1.000000       3012.945       3012.945     aqu               17        2308   1.000000       4887.021       4887.021     aqu               18        2309   1.000000       3093.349       3093.349     aqu               19        2310   1.000000       3174.804       3174.804     aqu               20        2311   1.000000       4154.033       4154.033     aqu               21        2312   1.000000       3035.117       3035.117     aqu               22        2313   1.000000       3964.914       3964.914     aqu               23        2314   1.000000       5935.219       5935.219     aqu               24        2315   1.000000       2497.746       2497.746     aqu               25        2316   1.000000       2267.828       2267.828     aqu               26        2317   1.000000       7639.442       7639.442     aqu               27        2318   1.000000       7998.952       7998.952    
        2320 chandeg            1   90643.09       90643.25               4 ru                 1        2183   1.000000       240.3707       240.3707     aqu                2        2293   1.000000       240.3707       240.3707     chandeg            2        2321   1.000000       85936.05       85936.05     chandeg           27        2346   1.000000       4466.829       4466.829    
        2321 chandeg            2   85936.05       85936.05               4 ru                 2        2184   1.000000       688.5914       688.5914     aqu                1        2292   1.000000       688.5914       688.5914     chandeg            3        2322   1.000000       62392.96       62392.97     chandeg           13        2332   1.000000       22854.49       22854.49    
        2322 chandeg            3   62392.96       62392.97               4 ru                 3        2185   1.000000       232.0338       232.0338     aqu                3        2294   1.000000       2328.742       2328.742     chandeg            4        2323   1.000000       61341.28       61341.28     chandeg          106        2425   1.000000       819.6580       819.6580    
        2323 chandeg            4   61341.28       61341.28               3 ru                 4        2186   1.000000       571.0397       571.0397     chandeg            5        2324   1.000000       60175.03       60175.03     chandeg          109        2428   1.000000       595.2087       595.2087    
        2324 chandeg            5   60175.03       60175.03               3 ru                 5        2187   1.000000       110.8016       110.8016     chandeg            6        2325   1.000000       56219.57       56219.57     chandeg           40        2359   1.000000       3844.658       3844.657    
        2325 chandeg            6   56219.57       56219.57               4 ru                 6        2188   1.000000       760.4128       760.4128     aqu                7        2298   1.000000       3018.294       3018.294     chandeg            7        2326   1.000000       53683.94       53683.94     chandeg          103        2422   1.000000       1775.218       1775.218    
        2326 chandeg            7   53683.94       53683.94               3 ru                 7        2189   1.000000       482.6636       482.6636     chandeg            8        2327   1.000000       45436.62       45436.62     chandeg           37        2356   1.000000       7764.653       7764.653    
        2327 chandeg            8   45436.62       45436.62               4 ru                 8        2190   1.000000       43.40575       43.40575     aqu               15        2306   1.000000       43.40575       43.40575     chandeg            9        2328   1.000000       33506.16       33506.17     chandeg           16        2335   1.000000       11887.05       11887.05    
        2328 chandeg            9   33506.16       33506.17               4 ru                 9        2191   1.000000       446.4922       446.4922     aqu               16        2307   1.000000       3012.945       3012.945     chandeg           10        2329   1.000000       32259.20       32259.20     chandeg           95        2414   1.000000       800.4733       800.4733    
        2329 chandeg           10   32259.20       32259.20               3 ru                10        2192   1.000000       125.0840       125.0840     chandeg           11        2330   1.000000       31616.57       31616.57     chandeg           93        2412   1.000000       517.5462       517.5462    
        2330 chandeg           11   31616.57       31616.57               3 ru                11        2193   1.000000       1123.349       1123.349     chandeg           12        2331   1.000000       24558.00       24558.00     chandeg           41        2360   1.000000       5935.219       5935.219    
        2331 chandeg           12   24558.00       24558.00               4 ru                12        2194   1.000000       405.7983       405.7983     aqu               20        2311   1.000000       4154.033       4154.033     chandeg           15        2334   1.000000       23552.99       23552.99     chandeg           84        2403   1.000000       599.2095       599.2095    
        2332 chandeg           13   22854.49       22854.49               4 ru                13        2195   1.000000       1205.065       1205.065     aqu                5        2296   1.000000       1205.065       1205.065     chandeg           14        2333   1.000000       16383.37       16383.37     chandeg           26        2345   1.000000       5266.058       5266.058    
        2333 chandeg           14   16383.37       16383.37               4 ru                14        2196   1.000000       3.173850       3.173850     aqu               13        2304   1.000000       3.173850       3.173850     chandeg           22        2341   1.000000       10441.97       10441.97     chandeg           28        2347   1.000000       5938.222       5938.222    
        2334 chandeg           15   23552.99       23552.99               3 ru                15        2197   1.000000       603.1358       603.1358     chandeg           17        2336   1.000000       22287.46       22287.46     chandeg           79        2398   1.000000       662.3959       662.3959    
        2335 chandeg           16   11887.05       11887.05               4 ru                16        2198   1.000000       1711.957       1711.957     aqu               17        2308   1.000000       4887.021       4887.021     chandeg           19        2338   1.000000       9496.681       9496.681     chandeg           96        2415   1.000000       678.4142       678.4142    
        2336 chandeg           17   22287.46       22287.46               3 ru                17        2199   1.000000       1322.318       1322.318     chandeg           18        2337   1.000000       20436.55       20436.55     chandeg           70        2389   1.000000       528.5876       528.5876    
        2337 chandeg           18   20436.55       20436.55               3 ru                18        2200   1.000000       32.58784       32.58784     chandeg           20        2339   1.000000       17906.22       17906.22     chandeg           49        2368   1.000000       2497.746       2497.746    
        2338 chandeg           19   9496.681       9496.681               3 ru                19        2201   1.000000       196.3615       196.3615     chandeg           25        2344   1.000000       8027.889       8027.889     chandeg           91        2410   1.000000       1272.431       1272.431    
        2339 chandeg           20   17906.22       17906.22               4 ru                20        2202   1.000000       524.9146       524.9146     aqu               25        2316   1.000000       2267.828       2267.828     chandeg           21        2340   1.000000       16060.67       16060.67     chandeg           67        2386   1.000000       1320.635       1320.635    
        2340 chandeg           21   16060.67       16060.67               3 ru                21        2203   1.000000       422.2785       422.2785     chandeg           31        2350   1.000000       7639.442       7639.443     chandeg           32        2351   1.000000       7998.952       7998.951    
        2341 chandeg           22   10441.97       10441.97               4 ru                22        2204   1.000000       2953.797       2953.797     aqu               10        2301   1.000000       10441.97       10441.97     chandeg           23        2342   1.000000       6371.742       6371.742     chandeg           87        2406   1.000000       1116.435       1116.435    
        2342 chandeg           23   6371.742       6371.742               3 ru                23        2205   1.000000       8.865920       8.865920     chandeg           24        2343   1.000000       5215.850       5215.850     chandeg           86        2405   1.000000       1147.026       1147.026    
        2343 chandeg           24   5215.850       5215.850               3 ru                24        2206   1.000000       345.0854       345.0854     chandeg           30        2349   1.000000       4291.693       4291.693     chandeg           85        2404   1.000000       579.0712       579.0712    
        2344 chandeg           25   8027.889       8027.889               3 ru                25        2207   1.000000       1027.858       1027.858     chandeg           44        2363   1.000000       3035.117       3035.117     chandeg           45        2364   1.000000       3964.914       3964.914    
        2345 chandeg           26   5266.058       5266.058               4 ru                26        2208   1.000000       14.15567       14.15567     aqu               12        2303   1.000000       14.15567       14.15567     chandeg           98        2417   1.000000       2465.865       2465.865     chandeg          101        2420   1.000000       2786.037       2786.037    
        2346 chandeg           27   4466.829       4466.829               4 ru                27        2209   1.000000       28.61680       28.61680     aqu                4        2295   1.000000       4466.829       4466.829     chandeg           34        2353   1.000000       3338.048       3338.048     chandeg          108        2427   1.000000       1100.164       1100.164    
        2347 chandeg           28   5938.222       5938.222               4 ru                28        2210   1.000000       221.8640       221.8640     aqu               14        2305   1.000000       5938.222       5938.222     chandeg           29        2348   1.000000       4362.040       4362.040     chandeg           94        2413   1.000000       1354.318       1354.318    
        2348 chandeg           29   4362.040       4362.040               3 ru                29        2211   1.000000       8.657310       8.657310     chandeg           35        2354   1.000000       3749.956       3749.956     chandeg           99        2418   1.000000       603.4264       603.4264    
        2349 chandeg           30   4291.693       4291.693               3 ru                30        2212   1.000000       194.3648       194.3648     chandeg           80        2399   1.000000       2852.062       2852.062     chandeg           82        2401   1.000000       1245.267       1245.267    
        2350 chandeg           31   7639.442       7639.443               4 ru                31        2213   1.000000       566.9569       566.9569     aqu               26        2317   1.000000       7639.442       7639.442     chandeg           33        2352   1.000000       6263.548       6263.549     chandeg           65        2384   1.000000       808.9369       808.9369    
        2351 chandeg           32   7998.952       7998.951               4 ru                32        2214   1.000000       1449.116       1449.116     aqu               27        2318   1.000000       7998.952       7998.952     chandeg           43        2362   1.000000       4880.830       4880.830     chandeg           53        2372   1.000000       1669.006       1669.006    
        2352 chandeg           33   6263.548       6263.549               3 ru                33        2215   1.000000       2.927990       2.927990     chandeg           36        2355   1.000000       5609.132       5609.132     chandeg           66        2385   1.000000       651.4886       651.4886    
        2353 chandeg           34   3338.048       3338.048               3 ru                34        2216   1.000000       455.3879       455.3879     chandeg          105        2424   1.000000       2189.696       2189.696     chandeg          107        2426   1.000000       692.9647       692.9647    
        2354 chandeg           35   3749.956       3749.956               3 ru                35        2217   1.000000       228.3384       228.3384     chandeg           90        2409   1.000000       2871.098       2871.098     chandeg           97        2416   1.000000       650.5200       650.5201    
        2355 chandeg           36   5609.132       5609.132               3 ru                36        2218   1.000000       3.158950       3.158950     chandeg           38        2357   1.000000       3714.120       3714.120     chandeg           52        2371   1.000000       1891.853       1891.853    
        2356 chandeg           37   7764.653       7764.653               4 ru                37        2219   1.000000       1496.500       1496.500     aqu                9        2300   1.000000       1496.500       1496.500     chandeg           39        2358   1.000000       3093.349       3093.349     chandeg           47        2366   1.000000       3174.804       3174.804    
        2357 chandeg           38   3714.120       3714.120               3 ru                38        2220   1.000000       473.7456       473.7456     chandeg           55        2374   1.000000       2477.972       2477.972     chandeg           64        2383   1.000000       762.4020       762.4020    
        2358 chandeg           39   3093.349       3093.349               4 ru                39        2221   1.000000       153.2910       153.2910     aqu               18        2309   1.000000       3093.349       3093.349     chandeg           92        2411   1.000000       2300.587       2300.587     chandeg          100        2419   1.000000       639.4712       639.4712    
        2359 chandeg           40   3844.658       3844.657               4 ru                40        2222   1.000000       742.5916       742.5916     aqu                6        2297   1.000000       3844.657       3844.657     chandeg          102        2421   1.000000       1949.809       1949.809     chandeg          104        2423   1.000000       1152.257       1152.257    
        2360 chandeg           41   5935.219       5935.219               4 ru                41        2223   1.000000       885.0646       885.0646     aqu               23        2314   1.000000       5935.219       5935.219     chandeg           42        2361   1.000000       3608.519       3608.519     chandeg           77        2396   1.000000       1441.636       1441.636    
        2361 chandeg           42   3608.519       3608.519               3 ru                42        2224   1.000000       43.97198       43.97198     chandeg           46        2365   1.000000       2483.694       2483.694     chandeg           75        2394   1.000000       1080.852       1080.852    
        2362 chandeg           43   4880.830       4880.830               3 ru                43        2225   1.000000       923.2328       923.2328     chandeg           48        2367   1.000000       3109.233       3109.233     chandeg           61        2380   1.000000       848.3642       848.3642    
        2363 chandeg           44   3035.117       3035.117               4 ru                44        2226   1.000000       407.3778       407.3778     aqu               21        2312   1.000000       3035.117       3035.117     chandeg           81        2400   1.000000       1074.274       1074.274     chandeg           83        2402   1.000000       1553.465       1553.466    
        2364 chandeg           45   3964.914       3964.914               4 ru                45        2227   1.000000       1775.926       1775.926     aqu               22        2313   1.000000       3964.914       3964.914     chandeg           51        2370   1.000000       1498.758       1498.758     chandeg           74        2393   1.000000       690.2305       690.2305    
        2365 chandeg           46   2483.694       2483.694               3 ru                46        2228   1.000000       383.6410       383.6410     chandeg           54        2373   1.000000       1427.353       1427.353     chandeg           73        2392   1.000000       672.6998       672.6998    
        2366 chandeg           47   3174.804       3174.804               4 ru                47        2229   1.000000       1713.529       1713.529     aqu               19        2310   1.000000       3174.804       3174.804     chandeg           88        2407   1.000000       630.4339       630.4339     chandeg           89        2408   1.000000       830.8409       830.8409    
        2367 chandeg           48   3109.233       3109.233               3 ru                48        2230   1.000000       687.1311       687.1311     chandeg           50        2369   1.000000       1534.467       1534.467     chandeg           63        2382   1.000000       887.6350       887.6350    
        2368 chandeg           49   2497.746       2497.746               4 ru                49        2231   1.000000       181.2373       181.2373     aqu               24        2315   1.000000       2497.746       2497.746     chandeg           68        2387   1.000000       1416.156       1416.156     chandeg           72        2391   1.000000       900.3527       900.3527    
        2369 chandeg           50   1534.467       1534.467               3 ru                50        2232   1.000000       89.92575       89.92575     chandeg           60        2379   1.000000       836.7714       836.7714     chandeg           62        2381   1.000000       607.7700       607.7700    
        2370 chandeg           51   1498.758       1498.758               3 ru                51        2233   1.000000       170.7546       170.7546     chandeg           76        2395   1.000000       777.4965       777.4965     chandeg           78        2397   1.000000       550.5065       550.5065    
        2371 chandeg           52   1891.853       1891.853               3 ru                52        2234   1.000000       374.3653       374.3653     chandeg           56        2375   1.000000       951.9613       951.9613     chandeg           59        2378   1.000000       565.5264       565.5264    
        2372 chandeg           53   1669.006       1669.006               3 ru                53        2235   1.000000       192.4128       192.4128     chandeg           57        2376   1.000000       680.4929       680.4929     chandeg           58        2377   1.000000       796.1000       796.1000    
        2373 chandeg           54   1427.353       1427.353               3 ru                54        2236   1.000000       314.4794       314.4794     chandeg           69        2388   1.000000       580.0770       580.0770     chandeg           71        2390   1.000000       532.7971       532.7971    
        2374 chandeg           55   2477.972       2477.972               1 ru                55        2237   1.000000       2477.972       2477.972    
        2375 chandeg           56   951.9613       951.9613               1 ru                56        2238   1.000000       951.9613       951.9613    
        2376 chandeg           57   680.4929       680.4929               1 ru                57        2239   1.000000       680.4929       680.4929    
        2377 chandeg           58   796.1000       796.1000               1 ru                58        2240   1.000000       796.1000       796.1000    
        2378 chandeg           59   565.5264       565.5264               1 ru                59        2241   1.000000       565.5264       565.5264    
        2379 chandeg           60   836.7714       836.7714               1 ru                60        2242   1.000000       836.7714       836.7714    
        2380 chandeg           61   848.3642       848.3642               1 ru                61        2243   1.000000       848.3642       848.3642    
        2381 chandeg           62   607.7700       607.7700               1 ru                62        2244   1.000000       607.7700       607.7700    
        2382 chandeg           63   887.6350       887.6350               1 ru                63        2245   1.000000       887.6350       887.6350    
        2383 chandeg           64   762.4020       762.4020               1 ru                64        2246   1.000000       762.4020       762.4020    
        2384 chandeg           65   808.9369       808.9369               1 ru                65        2247   1.000000       808.9369       808.9369    
        2385 chandeg           66   651.4886       651.4886               1 ru                66        2248   1.000000       651.4886       651.4886    
        2386 chandeg           67   1320.635       1320.635               1 ru                67        2249   1.000000       1320.635       1320.635    
        2387 chandeg           68   1416.156       1416.156               1 ru                68        2250   1.000000       1416.156       1416.156    
        2388 chandeg           69   580.0770       580.0770               1 ru                69        2251   1.000000       580.0770       580.0770    
        2389 chandeg           70   528.5876       528.5876               1 ru                70        2252   1.000000       528.5876       528.5876    
        2390 chandeg           71   532.7971       532.7971               1 ru                71        2253   1.000000       532.7971       532.7971    
        2391 chandeg           72   900.3527       900.3527               1 ru                72        2254   1.000000       900.3527       900.3527    
        2392 chandeg           73   672.6998       672.6998               1 ru                73        2255   1.000000       672.6998       672.6998    
        2393 chandeg           74   690.2305       690.2305               1 ru                74        2256   1.000000       690.2305       690.2305    
        2394 chandeg           75   1080.852       1080.852               1 ru                75        2257   1.000000       1080.852       1080.852    
        2395 chandeg           76   777.4965       777.4965               1 ru                76        2258   1.000000       777.4965       777.4965    
        2396 chandeg           77   1441.636       1441.636               1 ru                77        2259   1.000000       1441.636       1441.636    
        2397 chandeg           78   550.5065       550.5065               1 ru                78        2260   1.000000       550.5065       550.5065    
        2398 chandeg           79   662.3959       662.3959               1 ru                79        2261   1.000000       662.3959       662.3959    
        2399 chandeg           80   2852.062       2852.062               1 ru                80        2262   1.000000       2852.062       2852.062    
        2400 chandeg           81   1074.274       1074.274               1 ru                81        2263   1.000000       1074.274       1074.274    
        2401 chandeg           82   1245.267       1245.267               1 ru                82        2264   1.000000       1245.267       1245.267    
        2402 chandeg           83   1553.465       1553.466               1 ru                83        2265   1.000000       1553.466       1553.466    
        2403 chandeg           84   599.2095       599.2095               1 ru                84        2266   1.000000       599.2095       599.2095    
        2404 chandeg           85   579.0712       579.0712               1 ru                85        2267   1.000000       579.0712       579.0712    
        2405 chandeg           86   1147.026       1147.026               1 ru                86        2268   1.000000       1147.026       1147.026    
        2406 chandeg           87   1116.435       1116.435               1 ru                87        2269   1.000000       1116.435       1116.435    
        2407 chandeg           88   630.4339       630.4339               1 ru                88        2270   1.000000       630.4339       630.4339    
        2408 chandeg           89   830.8409       830.8409               1 ru                89        2271   1.000000       830.8409       830.8409    
        2409 chandeg           90   2871.098       2871.098               1 ru                90        2272   1.000000       2871.098       2871.098    
        2410 chandeg           91   1272.431       1272.431               1 ru                91        2273   1.000000       1272.431       1272.431    
        2411 chandeg           92   2300.587       2300.587               1 ru                92        2274   1.000000       2300.587       2300.587    
        2412 chandeg           93   517.5462       517.5462               1 ru                93        2275   1.000000       517.5462       517.5462    
        2413 chandeg           94   1354.318       1354.318               1 ru                94        2276   1.000000       1354.318       1354.318    
        2414 chandeg           95   800.4733       800.4733               1 ru                95        2277   1.000000       800.4733       800.4733    
        2415 chandeg           96   678.4142       678.4142               1 ru                96        2278   1.000000       678.4142       678.4142    
        2416 chandeg           97   650.5200       650.5201               1 ru                97        2279   1.000000       650.5201       650.5201    
        2417 chandeg           98   2465.865       2465.865               2 ru                98        2280   1.000000       2465.865       2465.865     aqu               11        2302   1.000000       2465.865       2465.865    
        2418 chandeg           99   603.4264       603.4264               1 ru                99        2281   1.000000       603.4264       603.4264    
        2419 chandeg          100   639.4712       639.4712               1 ru               100        2282   1.000000       639.4712       639.4712    
        2420 chandeg          101   2786.037       2786.037               2 ru               101        2283   1.000000       2786.037       2786.037     aqu                8        2299   1.000000       2786.037       2786.037    
        2421 chandeg          102   1949.809       1949.809               1 ru               102        2284   1.000000       1949.809       1949.809    
        2422 chandeg          103   1775.218       1775.218               1 ru               103        2285   1.000000       1775.218       1775.218    
        2423 chandeg          104   1152.257       1152.257               1 ru               104        2286   1.000000       1152.257       1152.257    
        2424 chandeg          105   2189.696       2189.696               1 ru               105        2287   1.000000       2189.696       2189.696    
        2425 chandeg          106   819.6580       819.6580               1 ru               106        2288   1.000000       819.6580       819.6580    
        2426 chandeg          107   692.9647       692.9647               1 ru               107        2289   1.000000       692.9647       692.9647    
        2427 chandeg          108   1100.164       1100.164               1 ru               108        2290   1.000000       1100.164       1100.164    
        2428 chandeg          109   595.2087       595.2087               1 ru               109        2291   1.000000       595.2087       595.2087    
